2021-03-18 23:22:56 start.pyw[line:56]"" INFO:  Script is D:\Code\ggsddu\source\start.pyw, Script Dir is D:\Code\ggsddu\source
2021-03-18 23:22:56 start.pyw[line:56]"" INFO:  正在初始化GGSDDU，请稍后
2021-03-18 23:22:56 start.pyw[line:56]"" INFO:  1. 检查和更新程序
2021-03-18 23:23:01 start.pyw[line:56]"" INFO:  D:\Code\ggsddu
2021-03-18 23:23:01 start.pyw[line:56]"" INFO:  Already up to date.
2021-03-18 23:23:01 start.pyw[line:56]"" INFO:  2. 检查个人数据库是否存在
2021-03-18 23:23:01 start.pyw[line:56]"" INFO:  个人数据库(D:\Code\ggsddu\source/../database/liyan.db)已存在
2021-03-18 23:23:01 start.pyw[line:56]"" INFO:  3. 检查数据库更新
2021-03-18 23:23:01 start.pyw[line:56]"" INFO:  历史文件D:\Code\ggsddu\source/history.list存在？False
2021-03-18 23:23:01 start.pyw[line:56]"" INFO:  新建历史文件，写入20201210102234
2021-03-18 23:23:01 start.pyw[line:56]"" INFO:  获取上次更新时间为20201210102234
2021-03-18 23:23:01 start.pyw[line:56]"" INFO:  获取更新的题目137个
2021-03-18 23:23:01 start.pyw[line:56]"" INFO:  4. 更新题目
2021-03-18 23:23:01 start.pyw[line:56]"" INFO:  2, 10, 0, 0, 0, 2.0, 0, , 2021.02.28 13:57:43, 已存在
2021-03-18 23:23:01 start.pyw[line:56]"" INFO:  2, 11, 0, 0, 0, 2.0, 0, , 2021.02.28 13:57:43, 已存在
2021-03-18 23:23:01 start.pyw[line:56]"" INFO:  3, 41, 0, 0, 0, 2.0, 0, , 2021.02.28 13:57:43, 已存在
2021-03-18 23:23:01 start.pyw[line:56]"" INFO:  3, 42, 0, 0, 0, 2.0, 0, , 2021.02.28 13:57:43, 已存在
2021-03-18 23:23:01 start.pyw[line:56]"" INFO:  3, 43, 0, 0, 0, 2.0, 0, , 2021.02.28 13:57:43, 已存在
2021-03-18 23:23:01 start.pyw[line:56]"" INFO:  3, 44, 0, 0, 0, 2.0, 0, , 2021.02.28 13:57:43, 已存在
2021-03-18 23:23:01 start.pyw[line:56]"" INFO:  3, 45, 0, 0, 0, 2.0, 0, , 2021.02.28 13:57:43, 已存在
2021-03-18 23:23:01 start.pyw[line:56]"" INFO:  3, 46, 0, 0, 0, 2.0, 0, , 2021.02.28 13:57:43, 已存在
2021-03-18 23:23:01 start.pyw[line:56]"" INFO:  3, 47, 0, 0, 0, 2.0, 0, , 2021.02.28 13:57:43, 已存在
2021-03-18 23:23:01 start.pyw[line:56]"" INFO:  3, 48, 0, 0, 0, 2.0, 0, , 2021.02.28 13:57:43, 已存在
2021-03-18 23:23:01 start.pyw[line:56]"" INFO:  3, 49, 0, 0, 0, 2.0, 0, , 2021.02.28 13:57:43, 已存在
2021-03-18 23:23:01 start.pyw[line:56]"" INFO:  3, 50, 0, 0, 0, 2.0, 0, , 2021.02.28 13:57:43, 已存在
2021-03-18 23:23:01 start.pyw[line:56]"" INFO:  3, 51, 0, 0, 0, 2.0, 0, , 2021.02.28 13:57:43, 已存在
2021-03-18 23:23:01 start.pyw[line:56]"" INFO:  3, 52, 0, 0, 0, 2.0, 0, , 2021.02.28 13:57:43, 已存在
2021-03-18 23:23:01 start.pyw[line:56]"" INFO:  3, 53, 0, 0, 0, 2.0, 0, , 2021.02.28 13:57:43, 已存在
2021-03-18 23:23:01 start.pyw[line:56]"" INFO:  3, 54, 0, 0, 0, 2.0, 0, , 2021.02.28 13:57:43, 已存在
2021-03-18 23:23:01 start.pyw[line:56]"" INFO:  3, 55, 0, 0, 0, 2.0, 0, , 2021.02.28 13:57:43, 已存在
2021-03-18 23:23:01 start.pyw[line:56]"" INFO:  3, 56, 0, 0, 0, 2.0, 0, , 2021.02.28 13:57:43, 已存在
2021-03-18 23:23:01 start.pyw[line:56]"" INFO:  3, 57, 0, 0, 0, 2.0, 0, , 2021.02.28 13:57:43, 已存在
2021-03-18 23:23:01 start.pyw[line:56]"" INFO:  3, 58, 0, 0, 0, 2.0, 0, , 2021.02.28 13:57:43, 已存在
2021-03-18 23:23:01 start.pyw[line:56]"" INFO:  3, 59, 0, 0, 0, 2.0, 0, , 2021.02.28 13:57:43, 已存在
2021-03-18 23:23:01 start.pyw[line:56]"" INFO:  3, 60, 0, 0, 0, 2.0, 0, , 2021.02.28 13:57:43, 已存在
2021-03-18 23:23:01 start.pyw[line:56]"" INFO:  3, 61, 0, 0, 0, 2.0, 0, , 2021.02.28 13:57:43, 已存在
2021-03-18 23:23:01 start.pyw[line:56]"" INFO:  3, 62, 0, 0, 0, 2.0, 0, , 2021.02.28 13:57:43, 已存在
2021-03-18 23:23:01 start.pyw[line:56]"" INFO:  3, 63, 0, 0, 0, 2.0, 0, , 2021.02.28 13:57:43, 已存在
2021-03-18 23:23:01 start.pyw[line:56]"" INFO:  3, 64, 0, 0, 0, 2.0, 0, , 2021.02.28 13:57:43, 已存在
2021-03-18 23:23:01 start.pyw[line:56]"" INFO:  3, 65, 0, 0, 0, 2.0, 0, , 2021.02.28 13:57:43, 已存在
2021-03-18 23:23:01 start.pyw[line:56]"" INFO:  3, 66, 0, 0, 0, 2.0, 0, , 2021.02.28 13:57:43, 已存在
2021-03-18 23:23:01 start.pyw[line:56]"" INFO:  3, 67, 0, 0, 0, 2.0, 0, , 2021.02.28 13:57:43, 已存在
2021-03-18 23:23:01 start.pyw[line:56]"" INFO:  3, 68, 0, 0, 0, 2.0, 0, , 2021.02.28 13:57:43, 已存在
2021-03-18 23:23:01 start.pyw[line:56]"" INFO:  3, 69, 0, 0, 0, 2.0, 0, , 2021.02.28 13:57:43, 已存在
2021-03-18 23:23:01 start.pyw[line:56]"" INFO:  3, 70, 0, 0, 0, 2.0, 0, , 2021.02.28 13:57:43, 已存在
2021-03-18 23:23:01 start.pyw[line:56]"" INFO:  3, 71, 0, 0, 0, 2.0, 0, , 2021.02.28 13:57:43, 已存在
2021-03-18 23:23:01 start.pyw[line:56]"" INFO:  3, 72, 0, 0, 0, 2.0, 0, , 2021.02.28 13:57:43, 已存在
2021-03-18 23:23:01 start.pyw[line:56]"" INFO:  3, 73, 0, 0, 0, 2.0, 0, , 2021.02.28 13:57:43, 已存在
2021-03-18 23:23:01 start.pyw[line:56]"" INFO:  3, 74, 0, 0, 0, 2.0, 0, , 2021.02.28 13:57:43, 已存在
2021-03-18 23:23:01 start.pyw[line:56]"" INFO:  3, 75, 0, 0, 0, 2.0, 0, , 2021.02.28 13:57:43, 已存在
2021-03-18 23:23:01 start.pyw[line:56]"" INFO:  3, 76, 0, 0, 0, 2.0, 0, , 2021.02.28 13:57:43, 已存在
2021-03-18 23:23:01 start.pyw[line:56]"" INFO:  3, 77, 0, 0, 0, 2.0, 0, , 2021.02.28 13:57:43, 已存在
2021-03-18 23:23:01 start.pyw[line:56]"" INFO:  3, 78, 0, 0, 0, 2.0, 0, , 2021.02.28 13:57:43, 已存在
2021-03-18 23:23:01 start.pyw[line:56]"" INFO:  3, 79, 0, 0, 0, 2.0, 0, , 2021.02.28 13:57:43, 已存在
2021-03-18 23:23:01 start.pyw[line:56]"" INFO:  3, 80, 0, 0, 0, 2.0, 0, , 2021.02.28 13:57:43, 已存在
2021-03-18 23:23:01 start.pyw[line:56]"" INFO:  5, 1, 0, 0, 0, 2.0, 0, , 2021.02.28 13:57:43, 已存在
2021-03-18 23:23:01 start.pyw[line:56]"" INFO:  5, 2, 0, 0, 0, 2.0, 0, , 2021.02.28 13:57:43, 已存在
2021-03-18 23:23:01 start.pyw[line:56]"" INFO:  5, 3, 0, 0, 0, 2.0, 0, , 2021.02.28 13:57:43, 已存在
2021-03-18 23:23:01 start.pyw[line:56]"" INFO:  5, 5, 0, 0, 0, 2.0, 0, , 2021.02.28 13:57:43, 已存在
2021-03-18 23:23:01 start.pyw[line:56]"" INFO:  5, 6, 0, 0, 0, 2.0, 0, , 2021.02.28 13:57:43, 已存在
2021-03-18 23:23:01 start.pyw[line:56]"" INFO:  5, 7, 0, 0, 0, 2.0, 0, , 2021.02.28 13:57:43, 已存在
2021-03-18 23:23:01 start.pyw[line:56]"" INFO:  5, 8, 0, 0, 0, 2.0, 0, , 2021.02.28 13:57:43, 已存在
2021-03-18 23:23:01 start.pyw[line:56]"" INFO:  5, 9, 0, 0, 0, 2.0, 0, , 2021.02.28 13:57:43, 已存在
2021-03-18 23:23:01 start.pyw[line:56]"" INFO:  5, 10, 0, 0, 0, 2.0, 0, , 2021.02.28 13:57:43, 已存在
2021-03-18 23:23:01 start.pyw[line:56]"" INFO:  5, 11, 0, 0, 0, 2.0, 0, , 2021.02.28 13:57:43, 已存在
2021-03-18 23:23:01 start.pyw[line:56]"" INFO:  5, 12, 0, 0, 0, 2.0, 0, , 2021.02.28 13:57:43, 已存在
2021-03-18 23:23:01 start.pyw[line:56]"" INFO:  5, 13, 0, 0, 0, 2.0, 0, , 2021.02.28 13:57:43, 已存在
2021-03-18 23:23:02 start.pyw[line:56]"" INFO:  5, 14, 0, 0, 0, 2.0, 0, , 2021.02.28 13:57:43, 已存在
2021-03-18 23:23:02 start.pyw[line:56]"" INFO:  5, 15, 0, 0, 0, 2.0, 0, , 2021.02.28 13:57:43, 已存在
2021-03-18 23:23:02 start.pyw[line:56]"" INFO:  5, 16, 0, 0, 0, 2.0, 0, , 2021.02.28 13:57:43, 已存在
2021-03-18 23:23:02 start.pyw[line:56]"" INFO:  5, 17, 0, 0, 0, 2.0, 0, , 2021.02.28 13:57:43, 已存在
2021-03-18 23:23:02 start.pyw[line:56]"" INFO:  5, 18, 0, 0, 0, 2.0, 0, , 2021.02.28 13:57:43, 已存在
2021-03-18 23:23:02 start.pyw[line:56]"" INFO:  5, 19, 0, 0, 0, 2.0, 0, , 2021.02.28 13:57:43, 已存在
2021-03-18 23:23:02 start.pyw[line:56]"" INFO:  5, 20, 0, 0, 0, 2.0, 0, , 2021.02.28 13:57:43, 已存在
2021-03-18 23:23:02 start.pyw[line:56]"" INFO:  5, 21, 0, 0, 0, 2.0, 0, , 2021.02.28 13:57:43, 已存在
2021-03-18 23:23:02 start.pyw[line:56]"" INFO:  5, 22, 0, 0, 0, 2.0, 0, , 2021.02.28 13:57:43, 已存在
2021-03-18 23:23:02 start.pyw[line:56]"" INFO:  5, 23, 0, 0, 0, 2.0, 0, , 2021.02.28 13:57:43, 已存在
2021-03-18 23:23:02 start.pyw[line:56]"" INFO:  5, 24, 0, 0, 0, 2.0, 0, , 2021.02.28 13:57:43, 已存在
2021-03-18 23:23:02 start.pyw[line:56]"" INFO:  5, 25, 0, 0, 0, 2.0, 0, , 2021.02.28 13:57:43, 已存在
2021-03-18 23:23:02 start.pyw[line:56]"" INFO:  5, 26, 0, 0, 0, 2.0, 0, , 2021.02.28 13:57:43, 已存在
2021-03-18 23:23:02 start.pyw[line:56]"" INFO:  5, 27, 0, 0, 0, 2.0, 0, , 2021.02.28 13:57:43, 已存在
2021-03-18 23:23:02 start.pyw[line:56]"" INFO:  5, 28, 0, 0, 0, 2.0, 0, , 2021.02.28 13:57:43, 已存在
2021-03-18 23:23:02 start.pyw[line:56]"" INFO:  5, 29, 0, 0, 0, 2.0, 0, , 2021.02.28 13:57:43, 已存在
2021-03-18 23:23:02 start.pyw[line:56]"" INFO:  5, 30, 0, 0, 0, 2.0, 0, , 2021.02.28 13:57:43, 已存在
2021-03-18 23:23:02 start.pyw[line:56]"" INFO:  5, 31, 0, 0, 0, 2.0, 0, , 2021.02.28 13:57:43, 已存在
2021-03-18 23:23:02 start.pyw[line:56]"" INFO:  5, 32, 0, 0, 0, 2.0, 0, , 2021.02.28 13:57:43, 已存在
2021-03-18 23:23:02 start.pyw[line:56]"" INFO:  5, 33, 0, 0, 0, 2.0, 0, , 2021.02.28 13:57:43, 已存在
2021-03-18 23:23:02 start.pyw[line:56]"" INFO:  5, 34, 0, 0, 0, 2.0, 0, , 2021.02.28 13:57:43, 已存在
2021-03-18 23:23:02 start.pyw[line:56]"" INFO:  5, 35, 0, 0, 0, 2.0, 0, , 2021.02.28 13:57:43, 已存在
2021-03-18 23:23:02 start.pyw[line:56]"" INFO:  5, 36, 0, 0, 0, 2.0, 0, , 2021.02.28 13:57:43, 已存在
2021-03-18 23:23:02 start.pyw[line:56]"" INFO:  5, 37, 0, 0, 0, 2.0, 0, , 2021.02.28 13:57:43, 已存在
2021-03-18 23:23:02 start.pyw[line:56]"" INFO:  5, 38, 0, 0, 0, 2.0, 0, , 2021.02.28 13:57:43, 已存在
2021-03-18 23:23:02 start.pyw[line:56]"" INFO:  5, 39, 0, 0, 0, 2.0, 0, , 2021.02.28 13:57:43, 已存在
2021-03-18 23:23:02 start.pyw[line:56]"" INFO:  5, 40, 0, 0, 0, 2.0, 0, , 2021.02.28 13:57:43, 已存在
2021-03-18 23:23:02 start.pyw[line:56]"" INFO:  5, 41, 0, 0, 0, 2.0, 0, , 2021.02.28 13:57:43, 已存在
2021-03-18 23:23:02 start.pyw[line:56]"" INFO:  5, 42, 0, 0, 0, 2.0, 0, , 2021.02.28 13:57:43, 已存在
2021-03-18 23:23:02 start.pyw[line:56]"" INFO:  5, 43, 0, 0, 0, 2.0, 0, , 2021.02.28 13:57:43, 已存在
2021-03-18 23:23:02 start.pyw[line:56]"" INFO:  5, 44, 0, 0, 0, 2.0, 0, , 2021.02.28 13:57:43, 已存在
2021-03-18 23:23:02 start.pyw[line:56]"" INFO:  5, 45, 0, 0, 0, 2.0, 0, , 2021.02.28 13:57:43, 已存在
2021-03-18 23:23:02 start.pyw[line:56]"" INFO:  5, 46, 0, 0, 0, 2.0, 0, , 2021.02.28 13:57:43, 已存在
2021-03-18 23:23:02 start.pyw[line:56]"" INFO:  5, 47, 0, 0, 0, 2.0, 0, , 2021.02.28 13:57:43, 已存在
2021-03-18 23:23:02 start.pyw[line:56]"" INFO:  5, 48, 0, 0, 0, 2.0, 0, , 2021.02.28 13:57:43, 已存在
2021-03-18 23:23:02 start.pyw[line:56]"" INFO:  5, 49, 0, 0, 0, 2.0, 0, , 2021.02.28 13:57:43, 已存在
2021-03-18 23:23:02 start.pyw[line:56]"" INFO:  5, 50, 0, 0, 0, 2.0, 0, , 2021.02.28 13:57:43, 已存在
2021-03-18 23:23:02 start.pyw[line:56]"" INFO:  5, 51, 0, 0, 0, 2.0, 0, , 2021.02.28 13:57:43, 已存在
2021-03-18 23:23:02 start.pyw[line:56]"" INFO:  4, 2, 0, 0, 0, 2.0, 0, , 2021.03.07 16:38:55, 已存在
2021-03-18 23:23:02 start.pyw[line:56]"" INFO:  4, 3, 0, 0, 0, 2.0, 0, , 2021.03.07 16:38:55, 已存在
2021-03-18 23:23:02 start.pyw[line:56]"" INFO:  4, 4, 0, 0, 0, 2.0, 0, , 2021.03.07 16:38:55, 已存在
2021-03-18 23:23:02 start.pyw[line:56]"" INFO:  4, 5, 0, 0, 0, 2.0, 0, , 2021.03.07 16:38:55, 已存在
2021-03-18 23:23:02 start.pyw[line:56]"" INFO:  4, 6, 0, 0, 0, 2.0, 0, , 2021.03.07 16:38:55, 已存在
2021-03-18 23:23:02 start.pyw[line:56]"" INFO:  4, 7, 0, 0, 0, 2.0, 0, , 2021.03.07 16:38:55, 已存在
2021-03-18 23:23:02 start.pyw[line:56]"" INFO:  4, 8, 0, 0, 0, 2.0, 0, , 2021.03.07 16:38:55, 已存在
2021-03-18 23:23:02 start.pyw[line:56]"" INFO:  4, 9, 0, 0, 0, 2.0, 0, , 2021.03.07 16:38:55, 已存在
2021-03-18 23:23:02 start.pyw[line:56]"" INFO:  2, 12, 0, 0, 0, 2.0, 0, , 2021.03.14 15:54:24, 已存在
2021-03-18 23:23:02 start.pyw[line:56]"" INFO:  2, 13, 0, 0, 0, 2.0, 0, , 2021.03.14 15:59:16, 已存在
2021-03-18 23:23:02 start.pyw[line:56]"" INFO:  2, 14, 0, 0, 0, 2.0, 0, , 2021.03.14 16:16:22, 已存在
2021-03-18 23:23:02 start.pyw[line:56]"" INFO:  2, 15, 0, 0, 0, 2.0, 0, , 2021.03.14 16:27:56, 已存在
2021-03-18 23:23:02 start.pyw[line:56]"" INFO:  2, 16, 0, 0, 0, 2.0, 0, , 2021.03.14 16:31:20, 已存在
2021-03-18 23:23:02 start.pyw[line:56]"" INFO:  2, 17, 0, 0, 0, 2.0, 0, , 2021.03.14 16:43:26, 已存在
2021-03-18 23:23:02 start.pyw[line:56]"" INFO:  3, 81, 0, 0, 0, 2.0, 0, , 2021.03.14 22:19:08, 已存在
2021-03-18 23:23:02 start.pyw[line:56]"" INFO:  3, 82, 0, 0, 0, 2.0, 0, , 2021.03.14 22:21:16, 已存在
2021-03-18 23:23:02 start.pyw[line:56]"" INFO:  3, 83, 0, 0, 0, 2.0, 0, , 2021.03.14 22:24:35, 已存在
2021-03-18 23:23:02 start.pyw[line:56]"" INFO:  3, 84, 0, 0, 0, 2.0, 0, , 2021.03.14 22:25:43, 已存在
2021-03-18 23:23:02 start.pyw[line:56]"" INFO:  3, 85, 0, 0, 0, 2.0, 0, , 2021.03.14 22:29:25, 已存在
2021-03-18 23:23:02 start.pyw[line:56]"" INFO:  3, 86, 0, 0, 0, 2.0, 0, , 2021.03.14 22:34:12, 已存在
2021-03-18 23:23:02 start.pyw[line:56]"" INFO:  3, 87, 0, 0, 0, 2.0, 0, , 2021.03.14 22:36:06, 已存在
2021-03-18 23:23:02 start.pyw[line:56]"" INFO:  3, 88, 0, 0, 0, 2.0, 0, , 2021.03.14 22:46:42, 已存在
2021-03-18 23:23:02 start.pyw[line:56]"" INFO:  3, 89, 0, 0, 0, 2.0, 0, , 2021.03.14 22:49:02, 已存在
2021-03-18 23:23:02 start.pyw[line:56]"" INFO:  3, 90, 0, 0, 0, 2.0, 0, , 2021.03.14 22:51:42, 已存在
2021-03-18 23:23:02 start.pyw[line:56]"" INFO:  3, 91, 0, 0, 0, 2.0, 0, , 2021.03.15 23:34:50, 已存在
2021-03-18 23:23:02 start.pyw[line:56]"" INFO:  3, 92, 0, 0, 0, 2.0, 0, , 2021.03.15 23:43:07, 已存在
2021-03-18 23:23:02 start.pyw[line:56]"" INFO:  3, 93, 0, 0, 0, 2.0, 0, , 2021.03.15 23:46:57, 已存在
2021-03-18 23:23:02 start.pyw[line:56]"" INFO:  3, 94, 0, 0, 0, 2.0, 0, , 2021.03.15 23:53:25, 已存在
2021-03-18 23:23:02 start.pyw[line:56]"" INFO:  3, 95, 0, 0, 0, 2.0, 0, , 2021.03.15 23:55:44, 已存在
2021-03-18 23:23:02 start.pyw[line:56]"" INFO:  3, 96, 0, 0, 0, 2.0, 0, , 2021.03.15 23:58:26, 已存在
2021-03-18 23:23:02 start.pyw[line:56]"" INFO:  3, 97, 0, 0, 0, 2.0, 0, , 2021.03.16 00:02:02, 已存在
2021-03-18 23:23:02 start.pyw[line:56]"" INFO:  3, 98, 0, 0, 0, 2.0, 0, , 2021.03.16 00:06:10, 已存在
2021-03-18 23:23:02 start.pyw[line:56]"" INFO:  3, 99, 0, 0, 0, 2.0, 0, , 2021.03.16 00:07:41, 已存在
2021-03-18 23:23:02 start.pyw[line:56]"" INFO:  3, 100, 0, 0, 0, 2.0, 0, , 2021.03.16 00:11:59, 已存在
2021-03-18 23:23:02 start.pyw[line:56]"" INFO:  2, 18, 0, 0, 0, 2.0, 0, , 2021.03.16 23:29:07, 已存在
2021-03-18 23:23:02 start.pyw[line:56]"" INFO:  3, 101, 0, 0, 0, 2.0, 0, , 2021.03.18 22:16:25, 已存在
2021-03-18 23:23:02 start.pyw[line:56]"" INFO:  3, 102, 0, 0, 0, 2.0, 0, , 2021.03.18 22:21:16, 已存在
2021-03-18 23:23:02 start.pyw[line:56]"" INFO:  3, 103, 0, 0, 0, 2.0, 0, , 2021.03.18 22:22:56, 已存在
2021-03-18 23:23:02 start.pyw[line:56]"" INFO:  3, 104, 0, 0, 0, 2.0, 0, , 2021.03.18 22:24:08, 已存在
2021-03-18 23:23:02 start.pyw[line:56]"" INFO:  3, 105, 0, 0, 0, 2.0, 0, , 2021.03.18 22:34:55, 已存在
2021-03-18 23:23:02 start.pyw[line:56]"" INFO:  3, 106, 0, 0, 0, 2.0, 0, , 2021.03.18 22:57:20, 已存在
2021-03-18 23:23:02 start.pyw[line:56]"" INFO:  3, 107, 0, 0, 0, 2.0, 0, , 2021.03.18 22:58:10, 已存在
2021-03-18 23:23:02 start.pyw[line:56]"" INFO:  3, 108, 0, 0, 0, 2.0, 0, , 2021.03.18 22:59:47, 已存在
2021-03-18 23:23:02 start.pyw[line:56]"" INFO:  3, 109, 0, 0, 0, 2.0, 0, , 2021.03.18 23:00:56, 已存在
2021-03-18 23:23:02 start.pyw[line:56]"" INFO:  3, 110, 0, 0, 0, 2.0, 0, , 2021.03.18 23:03:01, 已存在
2021-03-18 23:23:02 start.pyw[line:56]"" INFO:  start frame quit and run python D:\Code\ggsddu\source/app.py
2021-03-18 23:23:06 start.pyw[line:56]"" INFO:  5. Constants loaded
2021-03-18 23:23:06 start.pyw[line:56]"" INFO:  1. the script path is  D:\Code\ggsddu\source
2021-03-18 23:23:06 start.pyw[line:56]"" INFO:  3. Create App 
2021-03-18 23:23:06 start.pyw[line:56]"" INFO:  4. App init now 
2021-03-18 23:23:06 start.pyw[line:56]"" INFO:  get 9 for the MATH
2021-03-18 23:23:06 start.pyw[line:56]"" INFO:  app next called
2021-03-18 23:23:06 start.pyw[line:56]"" INFO:  练习题 id=18, sub_id=0 有1个
